# JRE version: Java(TM) SE Runtime Environment (8.0_31-b13) (build 1.8.0_31-b13)
# Java VM: Java HotSpot(TM) 64-Bit Server VM (25.31-b07 mixed mode bsd-amd64 compressed oops)
Heap:
 PSYoungGen      total 35328K, used 10009K [0x00000007aab00000, 0x00000007ad000000, 0x00000007c0000000)
  eden space 32768K, 30% used [0x00000007aab00000,0x00000007ab4c64d0,0x00000007acb00000)
  from space 2560K, 0% used [0x00000007acb00000,0x00000007acb00000,0x00000007acd80000)
  to   space 2560K, 0% used [0x00000007acd80000,0x00000007acd80000,0x00000007ad000000)
 ParOldGen       total 45056K, used 11814K [0x0000000780000000, 0x0000000782c00000, 0x00000007aab00000)
  object space 45056K, 26% used [0x0000000780000000,0x0000000780b898e8,0x0000000782c00000)
 Metaspace       used 21862K, capacity 22776K, committed 22912K, reserved 1069056K
  class space    used 3157K, capacity 3331K, committed 3456K, reserved 1048576K
GC Heap History (8 events):
Event: 1.340 GC heap before
{Heap before GC invocations=1 (full 0):
 PSYoungGen      total 18944K, used 16384K [0x00000007aab00000, 0x00000007ac000000, 0x00000007c0000000)
  eden space 16384K, 100% used [0x00000007aab00000,0x00000007abb00000,0x00000007abb00000)
  from space 2560K, 0% used [0x00000007abd80000,0x00000007abd80000,0x00000007ac000000)
  to   space 2560K, 0% used [0x00000007abb00000,0x00000007abb00000,0x00000007abd80000)
 ParOldGen       total 44032K, used 0K [0x0000000780000000, 0x0000000782b00000, 0x00000007aab00000)
  object space 44032K, 0% used [0x0000000780000000,0x0000000780000000,0x0000000782b00000)
 Metaspace       used 9758K, capacity 10016K, committed 10368K, reserved 1058816K
  class space    used 1232K, capacity 1298K, committed 1408K, reserved 1048576K
Event: 1.360 GC heap after
Heap after GC invocations=1 (full 0):
 PSYoungGen      total 18944K, used 2336K [0x00000007aab00000, 0x00000007ad000000, 0x00000007c0000000)
  eden space 16384K, 0% used [0x00000007aab00000,0x00000007aab00000,0x00000007abb00000)
  from space 2560K, 91% used [0x00000007abb00000,0x00000007abd48050,0x00000007abd80000)
  to   space 2560K, 0% used [0x00000007acd80000,0x00000007acd80000,0x00000007ad000000)
 ParOldGen       total 44032K, used 8K [0x0000000780000000, 0x0000000782b00000, 0x00000007aab00000)
  object space 44032K, 0% used [0x0000000780000000,0x0000000780002000,0x0000000782b00000)
 Metaspace       used 9758K, capacity 10016K, committed 10368K, reserved 1058816K
  class space    used 1232K, capacity 1298K, committed 1408K, reserved 1048576K
}
Event: 3.461 GC heap before
{Heap before GC invocations=2 (full 0):
 PSYoungGen      total 18944K, used 18720K [0x00000007aab00000, 0x00000007ad000000, 0x00000007c0000000)
  eden space 16384K, 100% used [0x00000007aab00000,0x00000007abb00000,0x00000007abb00000)
  from space 2560K, 91% used [0x00000007abb00000,0x00000007abd48050,0x00000007abd80000)
  to   space 2560K, 0% used [0x00000007acd80000,0x00000007acd80000,0x00000007ad000000)
 ParOldGen       total 44032K, used 8K [0x0000000780000000, 0x0000000782b00000, 0x00000007aab00000)
  object space 44032K, 0% used [0x0000000780000000,0x0000000780002000,0x0000000782b00000)
 Metaspace       used 14536K, capacity 15060K, committed 15360K, reserved 1062912K
  class space    used 2150K, capacity 2279K, committed 2304K, reserved 1048576K
Event: 3.475 GC heap after
Heap after GC invocations=2 (full 0):
 PSYoungGen      total 35328K, used 2528K [0x00000007aab00000, 0x00000007ad000000, 0x00000007c0000000)
  eden space 32768K, 0% used [0x00000007aab00000,0x00000007aab00000,0x00000007acb00000)
  from space 2560K, 98% used [0x00000007acd80000,0x00000007acff8040,0x00000007ad000000)
  to   space 2560K, 0% used [0x00000007acb00000,0x00000007acb00000,0x00000007acd80000)
 ParOldGen       total 44032K, used 6014K [0x0000000780000000, 0x0000000782b00000, 0x00000007aab00000)
  object space 44032K, 13% used [0x0000000780000000,0x00000007805dfb80,0x0000000782b00000)
 Metaspace       used 14536K, capacity 15060K, committed 15360K, reserved 1062912K
  class space    used 2150K, capacity 2279K, committed 2304K, reserved 1048576K
}
Event: 5.532 GC heap before
{Heap before GC invocations=3 (full 0):
 PSYoungGen      total 35328K, used 34450K [0x00000007aab00000, 0x00000007ad000000, 0x00000007c0000000)
  eden space 32768K, 97% used [0x00000007aab00000,0x00000007aca2c860,0x00000007acb00000)
  from space 2560K, 98% used [0x00000007acd80000,0x00000007acff8040,0x00000007ad000000)
  to   space 2560K, 0% used [0x00000007acb00000,0x00000007acb00000,0x00000007acd80000)
 ParOldGen       total 44032K, used 6014K [0x0000000780000000, 0x0000000782b00000, 0x00000007aab00000)
  object space 44032K, 13% used [0x0000000780000000,0x00000007805dfb80,0x0000000782b00000)
 Metaspace       used 20528K, capacity 21092K, committed 21248K, reserved 1067008K
  class space    used 2925K, capacity 3067K, committed 3072K, reserved 1048576K
Event: 5.546 GC heap after
Heap after GC invocations=3 (full 0):
 PSYoungGen      total 35328K, used 2544K [0x00000007aab00000, 0x00000007ad000000, 0x00000007c0000000)
  eden space 32768K, 0% used [0x00000007aab00000,0x00000007aab00000,0x00000007acb00000)
  from space 2560K, 99% used [0x00000007acb00000,0x00000007acd7c050,0x00000007acd80000)
  to   space 2560K, 0% used [0x00000007acd80000,0x00000007acd80000,0x00000007ad000000)
 ParOldGen       total 44032K, used 11643K [0x0000000780000000, 0x0000000782b00000, 0x00000007aab00000)
  object space 44032K, 26% used [0x0000000780000000,0x0000000780b5ec98,0x0000000782b00000)
 Metaspace       used 20528K, capacity 21092K, committed 21248K, reserved 1067008K
  class space    used 2925K, capacity 3067K, committed 3072K, reserved 1048576K
}
Event: 5.546 GC heap before
{Heap before GC invocations=4 (full 1):
 PSYoungGen      total 35328K, used 2544K [0x00000007aab00000, 0x00000007ad000000, 0x00000007c0000000)
  eden space 32768K, 0% used [0x00000007aab00000,0x00000007aab00000,0x00000007acb00000)
  from space 2560K, 99% used [0x00000007acb00000,0x00000007acd7c050,0x00000007acd80000)
  to   space 2560K, 0% used [0x00000007acd80000,0x00000007acd80000,0x00000007ad000000)
 ParOldGen       total 44032K, used 11643K [0x0000000780000000, 0x0000000782b00000, 0x00000007aab00000)
  object space 44032K, 26% used [0x0000000780000000,0x0000000780b5ec98,0x0000000782b00000)
 Metaspace       used 20528K, capacity 21092K, committed 21248K, reserved 1067008K
  class space    used 2925K, capacity 3067K, committed 3072K, reserved 1048576K
Event: 5.593 GC heap after
Heap after GC invocations=4 (full 1):
 PSYoungGen      total 35328K, used 0K [0x00000007aab00000, 0x00000007ad000000, 0x00000007c0000000)
  eden space 32768K, 0% used [0x00000007aab00000,0x00000007aab00000,0x00000007acb00000)
  from space 2560K, 0% used [0x00000007acb00000,0x00000007acb00000,0x00000007acd80000)
  to   space 2560K, 0% used [0x00000007acd80000,0x00000007acd80000,0x00000007ad000000)
 ParOldGen       total 45056K, used 11814K [0x0000000780000000, 0x0000000782c00000, 0x00000007aab00000)
  object space 45056K, 26% used [0x0000000780000000,0x0000000780b898e8,0x0000000782c00000)
 Metaspace       used 20526K, capacity 21090K, committed 21248K, reserved 1067008K
  class space    used 2924K, capacity 3066K, committed 3072K, reserved 1048576K
}

