# JRE version: Java(TM) SE Runtime Environment (8.0_31-b13) (build 1.8.0_31-b13)
# Java VM: Java HotSpot(TM) 64-Bit Server VM (25.31-b07 mixed mode bsd-amd64 compressed oops)
Heap:
 PSYoungGen      total 18944K, used 8582K [0x0000000149500000, 0x000000014aa00000, 0x000000015ea00000)
  eden space 16384K, 52% used [0x0000000149500000,0x0000000149d61ae8,0x000000014a500000)
  from space 2560K, 0% used [0x000000014a780000,0x000000014a780000,0x000000014aa00000)
  to   space 2560K, 0% used [0x000000014a500000,0x000000014a500000,0x000000014a780000)
 ParOldGen       total 41984K, used 10176K [0x000000011ea00000, 0x0000000121300000, 0x0000000149500000)
  object space 41984K, 24% used [0x000000011ea00000,0x000000011f3f0040,0x0000000121300000)
 Metaspace       used 22031K, capacity 22888K, committed 23088K, reserved 1069056K
  class space    used 3158K, capacity 3331K, committed 3376K, reserved 1048576K
GC Heap History (10 events):
Event: 1.134 GC heap before
{Heap before GC invocations=1 (full 0):
 PSYoungGen      total 18944K, used 16384K [0x0000000149500000, 0x000000014aa00000, 0x000000015ea00000)
  eden space 16384K, 100% used [0x0000000149500000,0x000000014a500000,0x000000014a500000)
  from space 2560K, 0% used [0x000000014a780000,0x000000014a780000,0x000000014aa00000)
  to   space 2560K, 0% used [0x000000014a500000,0x000000014a500000,0x000000014a780000)
 ParOldGen       total 44032K, used 0K [0x000000011ea00000, 0x0000000121500000, 0x0000000149500000)
  object space 44032K, 0% used [0x000000011ea00000,0x000000011ea00000,0x0000000121500000)
 Metaspace       used 9749K, capacity 10000K, committed 10368K, reserved 1058816K
  class space    used 1229K, capacity 1298K, committed 1408K, reserved 1048576K
Event: 1.140 GC heap after
Heap after GC invocations=1 (full 0):
 PSYoungGen      total 18944K, used 2368K [0x0000000149500000, 0x000000014aa00000, 0x000000015ea00000)
  eden space 16384K, 0% used [0x0000000149500000,0x0000000149500000,0x000000014a500000)
  from space 2560K, 92% used [0x000000014a500000,0x000000014a750050,0x000000014a780000)
  to   space 2560K, 0% used [0x000000014a780000,0x000000014a780000,0x000000014aa00000)
 ParOldGen       total 44032K, used 8K [0x000000011ea00000, 0x0000000121500000, 0x0000000149500000)
  object space 44032K, 0% used [0x000000011ea00000,0x000000011ea02000,0x0000000121500000)
 Metaspace       used 9749K, capacity 10000K, committed 10368K, reserved 1058816K
  class space    used 1229K, capacity 1298K, committed 1408K, reserved 1048576K
}
Event: 2.705 GC heap before
{Heap before GC invocations=2 (full 0):
 PSYoungGen      total 18944K, used 18752K [0x0000000149500000, 0x000000014aa00000, 0x000000015ea00000)
  eden space 16384K, 100% used [0x0000000149500000,0x000000014a500000,0x000000014a500000)
  from space 2560K, 92% used [0x000000014a500000,0x000000014a750050,0x000000014a780000)
  to   space 2560K, 0% used [0x000000014a780000,0x000000014a780000,0x000000014aa00000)
 ParOldGen       total 44032K, used 8K [0x000000011ea00000, 0x0000000121500000, 0x0000000149500000)
  object space 44032K, 0% used [0x000000011ea00000,0x000000011ea02000,0x0000000121500000)
 Metaspace       used 14527K, capacity 15010K, committed 15104K, reserved 1062912K
  class space    used 2145K, capacity 2246K, committed 2304K, reserved 1048576K
Event: 2.717 GC heap after
Heap after GC invocations=2 (full 0):
 PSYoungGen      total 18944K, used 2528K [0x0000000149500000, 0x000000014aa00000, 0x000000015ea00000)
  eden space 16384K, 0% used [0x0000000149500000,0x0000000149500000,0x000000014a500000)
  from space 2560K, 98% used [0x000000014a780000,0x000000014a9f8020,0x000000014aa00000)
  to   space 2560K, 0% used [0x000000014a500000,0x000000014a500000,0x000000014a780000)
 ParOldGen       total 44032K, used 6006K [0x000000011ea00000, 0x0000000121500000, 0x0000000149500000)
  object space 44032K, 13% used [0x000000011ea00000,0x000000011efddb80,0x0000000121500000)
 Metaspace       used 14527K, capacity 15010K, committed 15104K, reserved 1062912K
  class space    used 2145K, capacity 2246K, committed 2304K, reserved 1048576K
}
Event: 3.660 GC heap before
{Heap before GC invocations=3 (full 0):
 PSYoungGen      total 18944K, used 18912K [0x0000000149500000, 0x000000014aa00000, 0x000000015ea00000)
  eden space 16384K, 100% used [0x0000000149500000,0x000000014a500000,0x000000014a500000)
  from space 2560K, 98% used [0x000000014a780000,0x000000014a9f8020,0x000000014aa00000)
  to   space 2560K, 0% used [0x000000014a500000,0x000000014a500000,0x000000014a780000)
 ParOldGen       total 44032K, used 6006K [0x000000011ea00000, 0x0000000121500000, 0x0000000149500000)
  object space 44032K, 13% used [0x000000011ea00000,0x000000011efddb80,0x0000000121500000)
 Metaspace       used 17521K, capacity 18164K, committed 18304K, reserved 1064960K
  class space    used 2531K, capacity 2679K, committed 2688K, reserved 1048576K
Event: 3.671 GC heap after
Heap after GC invocations=3 (full 0):
 PSYoungGen      total 18944K, used 2544K [0x0000000149500000, 0x000000014aa00000, 0x000000015ea00000)
  eden space 16384K, 0% used [0x0000000149500000,0x0000000149500000,0x000000014a500000)
  from space 2560K, 99% used [0x000000014a500000,0x000000014a77c030,0x000000014a780000)
  to   space 2560K, 0% used [0x000000014a780000,0x000000014a780000,0x000000014aa00000)
 ParOldGen       total 44032K, used 8764K [0x000000011ea00000, 0x0000000121500000, 0x0000000149500000)
  object space 44032K, 19% used [0x000000011ea00000,0x000000011f28f160,0x0000000121500000)
 Metaspace       used 17521K, capacity 18164K, committed 18304K, reserved 1064960K
  class space    used 2531K, capacity 2679K, committed 2688K, reserved 1048576K
}
Event: 4.350 GC heap before
{Heap before GC invocations=4 (full 0):
 PSYoungGen      total 18944K, used 18240K [0x0000000149500000, 0x000000014aa00000, 0x000000015ea00000)
  eden space 16384K, 95% used [0x0000000149500000,0x000000014a4541d0,0x000000014a500000)
  from space 2560K, 99% used [0x000000014a500000,0x000000014a77c030,0x000000014a780000)
  to   space 2560K, 0% used [0x000000014a780000,0x000000014a780000,0x000000014aa00000)
 ParOldGen       total 44032K, used 8764K [0x000000011ea00000, 0x0000000121500000, 0x0000000149500000)
  object space 44032K, 19% used [0x000000011ea00000,0x000000011f28f160,0x0000000121500000)
 Metaspace       used 20582K, capacity 21164K, committed 21296K, reserved 1067008K
  class space    used 2936K, capacity 3099K, committed 3120K, reserved 1048576K
Event: 4.359 GC heap after
Heap after GC invocations=4 (full 0):
 PSYoungGen      total 18944K, used 2544K [0x0000000149500000, 0x000000014aa00000, 0x000000015ea00000)
  eden space 16384K, 0% used [0x0000000149500000,0x0000000149500000,0x000000014a500000)
  from space 2560K, 99% used [0x000000014a780000,0x000000014a9fc030,0x000000014aa00000)
  to   space 2560K, 0% used [0x000000014a500000,0x000000014a500000,0x000000014a780000)
 ParOldGen       total 44032K, used 11767K [0x000000011ea00000, 0x0000000121500000, 0x0000000149500000)
  object space 44032K, 26% used [0x000000011ea00000,0x000000011f57dc48,0x0000000121500000)
 Metaspace       used 20582K, capacity 21164K, committed 21296K, reserved 1067008K
  class space    used 2936K, capacity 3099K, committed 3120K, reserved 1048576K
}
Event: 4.360 GC heap before
{Heap before GC invocations=5 (full 1):
 PSYoungGen      total 18944K, used 2544K [0x0000000149500000, 0x000000014aa00000, 0x000000015ea00000)
  eden space 16384K, 0% used [0x0000000149500000,0x0000000149500000,0x000000014a500000)
  from space 2560K, 99% used [0x000000014a780000,0x000000014a9fc030,0x000000014aa00000)
  to   space 2560K, 0% used [0x000000014a500000,0x000000014a500000,0x000000014a780000)
 ParOldGen       total 44032K, used 11767K [0x000000011ea00000, 0x0000000121500000, 0x0000000149500000)
  object space 44032K, 26% used [0x000000011ea00000,0x000000011f57dc48,0x0000000121500000)
 Metaspace       used 20582K, capacity 21164K, committed 21296K, reserved 1067008K
  class space    used 2936K, capacity 3099K, committed 3120K, reserved 1048576K
Event: 4.414 GC heap after
Heap after GC invocations=5 (full 1):
 PSYoungGen      total 18944K, used 0K [0x0000000149500000, 0x000000014aa00000, 0x000000015ea00000)
  eden space 16384K, 0% used [0x0000000149500000,0x0000000149500000,0x000000014a500000)
  from space 2560K, 0% used [0x000000014a780000,0x000000014a780000,0x000000014aa00000)
  to   space 2560K, 0% used [0x000000014a500000,0x000000014a500000,0x000000014a780000)
 ParOldGen       total 41984K, used 10176K [0x000000011ea00000, 0x0000000121300000, 0x0000000149500000)
  object space 41984K, 24% used [0x000000011ea00000,0x000000011f3f0040,0x0000000121300000)
 Metaspace       used 20580K, capacity 21162K, committed 21296K, reserved 1067008K
  class space    used 2935K, capacity 3098K, committed 3120K, reserved 1048576K
}

